<?xml version="1.0" encoding="UTF-8"?>
<!-- Generated by org.testng.reporters.JUnitReportReporter -->
<testsuite skipped="0" hostname="DESKTOP-72KG4N1" name="pom.test_facebook" tests="1" failures="0" timestamp="4 Nov 2019 10:13:10 GMT" time="22.989" errors="0">
  <testcase name="test" time="22.989" classname="pom.test_facebook"/>
</testsuite> <!-- pom.test_facebook -->
